<?xml version="1.0" encoding="UTF-8"?>
<!-- Generated by org.testng.reporters.JUnitReportReporter -->
<testsuite hostname="Rohits-MacBook-Air.local" failures="0" tests="1" name="Demo.LoginTest" time="10.590" errors="0" timestamp="2025-04-18T14:22:49 IST" skipped="0">
  <testcase classname="Demo.LoginTest" name="test" time="10.590"/>
</testsuite> <!-- Demo.LoginTest -->
